<?xml version="1.0" encoding="UTF-8"?>
<!-- Generated by org.testng.reporters.JUnitReportReporter -->
<testsuite skipped="0" hostname="DESKTOP-2RLMOET" name="practice.MakeMyTripTest" tests="1" failures="0" timestamp="9 Nov 2021 07:18:07 GMT" time="33.941" errors="0">
  <testcase name="bookTicket" time="33.941" classname="practice.MakeMyTripTest"/>
</testsuite> <!-- practice.MakeMyTripTest -->
