<?xml version="1.0" encoding="UTF-8"?>
<!-- Generated by org.testng.reporters.JUnitReportReporter -->
<testsuite skipped="0" hostname="DESKTOP-2RLMOET" name="com.crm.comcast.organisationtest.CreateOrganizationObjRepositoryTest" tests="1" failures="0" timestamp="8 Nov 2021 05:21:13 GMT" time="392.558" errors="0">
  <testcase name="CreateOrg" time="392.558" classname="com.crm.comcast.organisationtest.CreateOrganizationObjRepositoryTest"/>
</testsuite> <!-- com.crm.comcast.organisationtest.CreateOrganizationObjRepositoryTest -->
