<?xml version="1.0" encoding="UTF-8"?>
<!-- Generated by org.testng.reporters.JUnitReportReporter -->
<testsuite skipped="0" hostname="DESKTOP-2RLMOET" name="com.crm.comcast.organisationtest.CreateOrganizationObjRepositoryWithIndAndType" tests="1" failures="0" timestamp="2 Nov 2021 11:27:20 GMT" time="54.304" errors="0">
  <testcase name="CreateOrgWithIndAndType" time="54.304" classname="com.crm.comcast.organisationtest.CreateOrganizationObjRepositoryWithIndAndType"/>
</testsuite> <!-- com.crm.comcast.organisationtest.CreateOrganizationObjRepositoryWithIndAndType -->
