<?xml version="1.0" encoding="UTF-8"?>
<!-- Generated by org.testng.reporters.JUnitReportReporter -->
<testsuite skipped="0" hostname="DESKTOP-2RLMOET" name="com.crm.comcast.organisationtest.CreateOrganisationWithIndustryAndTypeGenericTest" tests="1" failures="0" timestamp="30 Oct 2021 09:28:25 GMT" time="53.737" errors="0">
  <testcase name="CreateOrgIndustryAndType" time="53.737" classname="com.crm.comcast.organisationtest.CreateOrganisationWithIndustryAndTypeGenericTest"/>
</testsuite> <!-- com.crm.comcast.organisationtest.CreateOrganisationWithIndustryAndTypeGenericTest -->
