<?xml version="1.0" encoding="UTF-8"?>
<!-- Generated by org.testng.reporters.JUnitReportReporter -->
<testsuite skipped="0" hostname="DESKTOP-2RLMOET" name="com.crm.comcast.organisationtest.CreateOrganisationGenericTest" tests="1" failures="0" timestamp="30 Oct 2021 09:26:27 GMT" time="76.568" errors="0">
  <testcase name="CreateOrgOnlyGeneric" time="76.568" classname="com.crm.comcast.organisationtest.CreateOrganisationGenericTest"/>
</testsuite> <!-- com.crm.comcast.organisationtest.CreateOrganisationGenericTest -->
