<?xml version="1.0" encoding="UTF-8"?>
<!-- Generated by org.testng.reporters.JUnitReportReporter -->
<testsuite skipped="0" hostname="DESKTOP-2RLMOET" name="com.crm.comcast.organisationtest.CreateOrganisatonObjRepositoryWithContact" tests="1" failures="0" timestamp="3 Nov 2021 05:18:07 GMT" time="114.860" errors="0">
  <testcase name="CreateOrgWithContact" time="114.860" classname="com.crm.comcast.organisationtest.CreateOrganisatonObjRepositoryWithContact"/>
</testsuite> <!-- com.crm.comcast.organisationtest.CreateOrganisatonObjRepositoryWithContact -->
