<?xml version="1.0" encoding="UTF-8"?>
<!-- Generated by org.testng.reporters.JUnitReportReporter -->
<testsuite skipped="0" hostname="DESKTOP-2RLMOET" name="practice.MakeMyTripJanTest" tests="1" failures="0" timestamp="9 Nov 2021 07:04:17 GMT" time="34.939" errors="0">
  <testcase name="bookJanTicket" time="34.939" classname="practice.MakeMyTripJanTest"/>
</testsuite> <!-- practice.MakeMyTripJanTest -->
