<?xml version="1.0" encoding="UTF-8"?>
<!-- Generated by org.testng.reporters.JUnitReportReporter -->
<testsuite skipped="0" hostname="DESKTOP-2RLMOET" name="com.crm.comcast.contacttest.CreateOrganisationWithContactsGenericTest" tests="1" failures="0" timestamp="29 Oct 2021 12:00:17 GMT" time="94.678" errors="0">
  <testcase name="CreateOrgContact" time="94.678" classname="com.crm.comcast.contacttest.CreateOrganisationWithContactsGenericTest"/>
</testsuite> <!-- com.crm.comcast.contacttest.CreateOrganisationWithContactsGenericTest -->
