<?xml version="1.0" encoding="UTF-8"?>
<!-- Generated by org.testng.reporters.JUnitReportReporter -->
<testsuite skipped="0" hostname="DESKTOP-2RLMOET" name="practice.VtigerWebTableTest" tests="1" failures="0" timestamp="9 Nov 2021 10:38:43 GMT" time="41.285" errors="0">
  <testcase name="vTiger" time="41.285" classname="practice.VtigerWebTableTest"/>
</testsuite> <!-- practice.VtigerWebTableTest -->
