<?xml version="1.0" encoding="UTF-8"?>
<!-- Generated by org.testng.reporters.JUnitReportReporter -->
<testsuite skipped="0" hostname="DESKTOP-2RLMOET" name="com.crm.comcast.organisationtest.CreateOrganisationWithIndustiresAndType" tests="1" failures="0" timestamp="28 Oct 2021 10:05:45 GMT" time="82.607" errors="0">
  <testcase name="CreateOrgTest" time="82.607" classname="com.crm.comcast.organisationtest.CreateOrganisationWithIndustiresAndType"/>
</testsuite> <!-- com.crm.comcast.organisationtest.CreateOrganisationWithIndustiresAndType -->
