<?xml version="1.0" encoding="UTF-8"?>
<!-- Generated by org.testng.reporters.JUnitReportReporter -->
<testsuite skipped="0" hostname="DESKTOP-2RLMOET" name="com.crm.comcast.contacttest.CreateOrganisationWithContactGenric" tests="1" failures="0" timestamp="30 Oct 2021 09:11:51 GMT" time="89.362" errors="0">
  <testcase name="CreateOrgContactsGeneric" time="89.362" classname="com.crm.comcast.contacttest.CreateOrganisationWithContactGenric"/>
</testsuite> <!-- com.crm.comcast.contacttest.CreateOrganisationWithContactGenric -->
