<?xml version="1.0" encoding="UTF-8"?>
<!-- Generated by org.testng.reporters.JUnitReportReporter -->
<testsuite skipped="0" hostname="DESKTOP-2RLMOET" name="com.crm.comcast.organisationtest.CreateContactObjRepository" tests="1" failures="0" timestamp="2 Nov 2021 17:45:54 GMT" time="112.082" errors="0">
  <testcase name="CreateContact" time="112.082" classname="com.crm.comcast.organisationtest.CreateContactObjRepository"/>
</testsuite> <!-- com.crm.comcast.organisationtest.CreateContactObjRepository -->
